        -:    0:Source:/home/stefan/Documents/GitHub/ProjectsC_plus_plus/PipeTest/ErrorHandling.c
        -:    0:Graph:/home/stefan/Documents/GitHub/ProjectsC_plus_plus/PipeTest/cmake-build-debug-coverage/CMakeFiles/PipeTest.dir/main.cpp.gcno
        -:    0:Data:/home/stefan/Documents/GitHub/ProjectsC_plus_plus/PipeTest/cmake-build-debug-coverage/CMakeFiles/PipeTest.dir/main.cpp.gcda
        -:    0:Runs:2
        -:    1://
        -:    2:// Created by stefan on 13.08.2022.
        -:    3://
        -:    4:#include "ErrorHandling.h"
        -:    5:#include <stdio.h>
        -:    6:#include <stdlib.h>
        -:    7:
function _Z13openPipeErrorv called 0 returned 0% blocks executed 0%
    #####:    8:void openPipeError()
        -:    9:{
    #####:   10:    printf("The pipe couldn't be open! \n");
    %%%%%:   10-block  0
call    0 never executed
    #####:   11:    exit( 904 );
        -:   12:}
function _Z14closePipeErrorv called 0 returned 0% blocks executed 0%
    #####:   13:void closePipeError()
        -:   14:{
    #####:   15:    printf( "The pipe couldn't be closed! \n");
    %%%%%:   15-block  0
call    0 never executed
    #####:   16:    exit( 905 );
        -:   17:}
function _Z15fileCreateErrorPKc called 0 returned 0% blocks executed 0%
    #####:   18:void fileCreateError( const char * fileName )
        -:   19:{
    #####:   20:    printf( "%s couldn't be created \n", fileName );
    %%%%%:   20-block  0
call    0 never executed
    #####:   21:    exit( 404 );
        -:   22:}
function _Z14writePipeErrorv called 0 returned 0% blocks executed 0%
    #####:   23:void writePipeError()
        -:   24:{
    #####:   25:    printf(" THe information couldn't be written into the pipe! \n" );
    %%%%%:   25-block  0
call    0 never executed
    #####:   26:    exit( 980 );
        -:   27:}
function _Z13readPipeErrorv called 0 returned 0% blocks executed 0%
    #####:   28:void readPipeError()
        -:   29:{
    #####:   30:    printf( "The information couldn't be read from the pipe! \n" );
    %%%%%:   30-block  0
call    0 never executed
    #####:   31:    exit( 981 );
        -:   32:}
